Sun, 03 Apr 2022 20:51:23 GMT - Info - Server is running on port: 3000
Mon, 04 Apr 2022 11:24:28 GMT - Info - Server is running on port: 3000
Mon, 04 Apr 2022 11:25:06 GMT - Info - Server is running on port: 3000
Mon, 04 Apr 2022 11:25:32 GMT - Info - Server is running on port: 3030
Sun, 07 Aug 2022 17:52:14 GMT - Info - Server is running on port: 3030
Mon, 08 Aug 2022 04:29:08 GMT - Info - Server is running on port: 3030
Mon, 08 Aug 2022 05:05:06 GMT - Info - Server is running on port: 3030
Mon, 08 Aug 2022 05:05:54 GMT - Info - Server is running on port: 3030
Mon, 08 Aug 2022 05:47:41 GMT - Info - Server is running on port: 3030
Mon, 08 Aug 2022 05:48:02 GMT - Info - Server is running on port: 3030
Mon, 08 Aug 2022 10:06:51 GMT - Info - Server is running on port: 3030
Mon, 08 Aug 2022 10:08:07 GMT - Info - Server is running on port: 3030
Mon, 08 Aug 2022 10:09:43 GMT - Info - Server is running on port: 3030
Mon, 08 Aug 2022 10:10:57 GMT - Info - Server is running on port: 3030
Mon, 08 Aug 2022 10:21:04 GMT - Info - Server is running on port: 3030
Mon, 08 Aug 2022 10:22:16 GMT - Info - Server is running on port: 3030
Mon, 08 Aug 2022 10:23:58 GMT - Info - Server is running on port: 3030
Mon, 08 Aug 2022 10:25:32 GMT - Info - Server is running on port: 3030
Mon, 08 Aug 2022 11:41:33 GMT - Info - Server is running on port: 3030
Mon, 08 Aug 2022 11:43:39 GMT - Info - Server is running on port: 3030
Mon, 08 Aug 2022 11:45:42 GMT - Info - Server is running on port: 3030
Mon, 08 Aug 2022 12:18:08 GMT - Info - Server is running on port: 3030
Mon, 08 Aug 2022 12:21:00 GMT - Info - Server is running on port: 3030
Mon, 08 Aug 2022 12:25:59 GMT - Info - Server is running on port: 3030
Mon, 08 Aug 2022 12:27:48 GMT - Info - Server is running on port: 3030
Mon, 08 Aug 2022 12:30:12 GMT - Info - Server is running on port: 3030
Mon, 08 Aug 2022 12:33:33 GMT - Info - Server is running on port: 3030
Mon, 08 Aug 2022 12:36:30 GMT - Info - Server is running on port: 3030
Mon, 08 Aug 2022 12:44:36 GMT - Info - Server is running on port: 3030
Mon, 08 Aug 2022 12:44:54 GMT - Info - Server is running on port: 3030
Mon, 08 Aug 2022 12:47:38 GMT - Info - Server is running on port: 3030
Mon, 08 Aug 2022 12:48:40 GMT - Info - Server is running on port: 3030
Mon, 08 Aug 2022 13:15:37 GMT - Info - Server is running on port: 3030
Wed, 17 Aug 2022 19:57:51 GMT - Info - Server is running on port: 3030
Wed, 17 Aug 2022 19:59:09 GMT - Info - Server is running on port: 3030
Wed, 17 Aug 2022 19:59:55 GMT - Info - Server is running on port: 3030
Wed, 17 Aug 2022 20:02:02 GMT - Info - Server is running on port: 3030
Tue, 30 Aug 2022 12:13:49 GMT - Info - Server is running on port: 3030
Tue, 30 Aug 2022 12:19:34 GMT - Info - Server is running on port: 3030
Tue, 30 Aug 2022 12:29:13 GMT - Info - Server is running on port: 3030
Tue, 30 Aug 2022 12:30:08 GMT - Info - Server is running on port: 3030
Tue, 30 Aug 2022 12:30:14 GMT - Info - Server is running on port: 3030
Tue, 30 Aug 2022 12:30:35 GMT - Info - Server is running on port: 3030
Tue, 30 Aug 2022 12:35:11 GMT - Info - Server is running on port: 3030
Tue, 30 Aug 2022 12:35:31 GMT - Info - Server is running on port: 3030
Tue, 30 Aug 2022 12:36:14 GMT - Info - Server is running on port: 3030
Tue, 30 Aug 2022 12:36:24 GMT - Info - Server is running on port: 3030
Tue, 30 Aug 2022 12:36:26 GMT - Info - Server is running on port: 3030
Tue, 30 Aug 2022 12:36:55 GMT - Info - Server is running on port: 3030
Tue, 30 Aug 2022 12:36:59 GMT - Info - Server is running on port: 3030
Tue, 30 Aug 2022 15:13:22 GMT - Info - Server is running on port: 3030
Tue, 30 Aug 2022 15:16:01 GMT - Info - Server is running on port: 3030
Tue, 30 Aug 2022 15:16:57 GMT - Info - Server is running on port: 3030
Tue, 30 Aug 2022 15:17:07 GMT - Info - Server is running on port: 3030
